0:100  0:100  MemLog inited, TSC freq: 2712219810
0:100  0:000  CPU was calibrated with RTC
0:100  0:000  
0:100  0:000  Now is 4.10.2018,  7:16:57 (GMT)
0:100  0:000  Starting Clover revision: 4658 on Lenovo EFI
0:100  0:000  Build with: [Args: -D NO_GRUB_DRIVERS_EMBEDDED -t XCODE8 | -D NO_GRUB_DRIVERS_EMBEDDED -D USE_LOW_EBDA -a X64 -b RELEASE -t XCODE8 -n 5 | OS: 10.13.6 | XCODE: 9.4.1]
0:100  0:000  SelfDevicePath=PciRoot(0x0)\Pci(0x14,0x0)\USB(0xD,0x0)\HD(1,GPT,A622B4E9-D9AF-49DD-92AD-D314B5AF7E6D,0x28,0x64000) @D48B9C18
0:100  0:000  SelfDirPath = \EFI\BOOT
0:101  0:001  === [ Get Smbios ] ========================================
0:101  0:000  Type 16 Index = 0
0:101  0:000  Total Memory Slots Count = 2
0:101  0:000  Type 17 Index = 0
0:101  0:000  SmbiosTable.Type17->Speed = 2133MHz
0:101  0:000  SmbiosTable.Type17->Size = 8192MB
0:101  0:000  SmbiosTable.Type17->Bank/Device = BANK 0 ChannelA-DIMM0
0:101  0:000  SmbiosTable.Type17->Vendor = Kingston
0:101  0:000  SmbiosTable.Type17->SerialNumber = 1B36B6EB
0:101  0:000  SmbiosTable.Type17->PartNumber = 9905624-023.A00G    
0:101  0:000  Type 17 Index = 1
0:101  0:000  SmbiosTable.Type17->Speed = 2133MHz
0:101  0:000  SmbiosTable.Type17->Size = 8192MB
0:101  0:000  SmbiosTable.Type17->Bank/Device = BANK 2 ChannelB-DIMM0
0:101  0:000  SmbiosTable.Type17->Vendor = 0443
0:101  0:000  SmbiosTable.Type17->SerialNumber = 12EEC428
0:101  0:000  SmbiosTable.Type17->PartNumber = RMSA3260MB78HAF2400 
0:101  0:000  Boot status=0
0:101  0:000  Running on: '20J3A003CD' with board '20J3A003CD'
0:101  0:000  === [ GetCPUProperties ] ==================================
0:101  0:000  CPU Vendor = 756E6547 Model=806E9
0:101  0:000   The CPU supported SSE4.1
0:101  0:000  BrandString = Intel(R) Core(TM) i5-7200U CPU @ 2.50GHz
0:101  0:000   The CPU supported turbo
0:101  0:000  MSR 0x35               20004
0:101  0:000   TSC/CCC Information Leaf:
0:101  0:000    numerator     : 226
0:101  0:000    denominator   : 2
0:101  0:000   Calibrated ARTFrequency: 24001945
0:101  0:000  MSR 0xE2 before patch 1E008007
0:101  0:000  MSR 0xE2 is locked, PM patches will be turned on
0:101  0:000  MSR 0xCE              0004043D_F1011B00
0:101  0:000  corrected FLEX_RATIO = 0
0:101  0:000  MSR 0x1B0             00000000
0:101  0:000  FSBFrequency = 93 MHz, DMI FSBFrequency = 100 MHz, Corrected FSBFrequency = 100 MHz
0:101  0:000  MaxDiv/MinDiv: 27.0/4
0:101  0:000  Turbo: 31/31/31/31
0:101  0:000  Features: 0xBFEBFBFF
0:101  0:000  Threads: 4
0:101  0:000  Cores: 2
0:101  0:000  FSB: 100 MHz
0:101  0:000  CPU: 2500 MHz
0:101  0:000  TSC: 2500 MHz
0:101  0:000  PIS: 100 MHz
0:101  0:000  ExternalClock: 25 MHz
0:101  0:000  === [ GetDevices ] ========================================
0:101  0:000  PCI (00|00:00.00) : 8086 5904 class=060000
0:101  0:000  PCI (00|00:02.00) : 8086 5916 class=030000
0:101  0:000   - GFX: Model=Intel HD Graphics 620 (Intel)
0:101  0:000  PCI (00|00:14.00) : 8086 9D2F class=0C0330
0:101  0:000  PCI (00|00:14.02) : 8086 9D31 class=118000
0:101  0:000  PCI (00|00:15.00) : 8086 9D60 class=118000
0:101  0:000  PCI (00|00:16.00) : 8086 9D3A class=078000
0:101  0:000  PCI (00|00:1C.00) : 8086 9D10 class=060400
0:101  0:000  PCI (00|00:1C.03) : 8086 9D13 class=060400
0:101  0:000  PCI (00|03:00.00) : 168C 0042 class=028000
0:101  0:000   - WIFI: Vendor=Atheros
0:101  0:000  PCI (00|00:1C.04) : 8086 9D14 class=060400
0:103  0:001  PCI (00|04:00.00) : 1179 0115 class=010802
0:103  0:000  PCI (00|00:1F.00) : 8086 9D58 class=060100
0:103  0:000  PCI (00|00:1F.02) : 8086 9D21 class=058000
0:103  0:000  PCI (00|00:1F.03) : 8086 9D71 class=040300
0:103  0:000  PCI (00|00:1F.04) : 8086 9D23 class=0C0500
0:103  0:000  PCI (00|00:1F.06) : 8086 15D8 class=020000
0:103  0:000   - LAN: 0 Vendor=Intel
0:103  0:000  === [ GetDefaultSettings ] ================================
0:103  0:000  Clover load options size = 0 bytes
0:109  0:006  EFI\CLOVER\config.plist loaded: Success
0:114  0:004  === [ GetListOfThemes ] ===================================
0:116  0:001  - [00]: BTC
0:117  0:001  === [ Found config plists ] ===============================
0:117  0:000  - config.plist
0:118  0:000  === [ GetEarlyUserSettings ] ==============================
0:118  0:000  timeout set to 1
0:118  0:000  Custom boot CUSTOM_BOOT_DISABLED (0x0)
0:118  0:000  KernelXCPM: enabled
0:118  0:000  KextsToPatch: 4 requested
0:118  0:000   - [00]: com.apple.iokit.IOAHCIBlockStorage (Enable TRIM for SSD) :: BinPatch :: data len: 11
0:118  0:000   - [01]: com.apple.driver.AppleIntelLpssI2C (Prevent Apple I2C kexts from attaching to I2C controllers, credit CoolStar) :: PlistPatch :: data len: 5
0:118  0:000   - patch disabled at config
0:118  0:000   - [02]: com.apple.driver.AppleIntelLpssI2CController (Prevent Apple I2C kexts from attaching to I2C controllers, credit CoolStar) :: PlistPatch :: data len: 5
0:118  0:000   - patch disabled at config
0:118  0:000   - [03]: BroadcomBluetoothHostControllerUSBTransport (bluetooth) :: BinPatch :: data len: 5
0:118  0:000   - patch disabled at config
0:118  0:000  KernelToPatch: 2 requested
0:118  0:000   - [00]: MSR 0xE2 _xcpm_idle instant reboot(c) Pike R. Alpha :: data len: 8
0:118  0:000   - [01]: Disable panic kext logging on 10.14 Release kernel (c) vit9696 :: MatchOS: 10.14.x :: data len: 6
0:118  0:000  Default theme: BTC
0:118  0:000  Hiding entries with string BOOTX64.EFI
0:118  0:000  === [ LoadDrivers ] =======================================
0:120  0:002  Loading ApfsDriverLoader-64.efi  status=Success
0:121  0:000   - driver needs connecting
0:121  0:000  Loading AppleImageCodec-64.efi  status=Success
0:122  0:000  Loading AppleKeyAggregator-64.efi  status=Success
0:122  0:000  Loading AppleKeyFeeder.efi  status=Success
0:123  0:000  Loading AppleUITheme-64.efi  status=Success
0:124  0:000  Loading AptioMemoryFix-64.efi  status=Success
0:126  0:002  Loading DataHubDxe-64.efi  status=Success
0:142  0:015  Loading EnglishDxe-64.efi  status=Success
0:143  0:000  Loading FirmwareVolume-64.efi  status=Success
0:143  0:000  Loading FSInject-64.efi  status=Success
0:144  0:000  Loading HashServiceFix-64.efi  status=Success
0:146  0:001  Loading HFSPlus-64.efi  status=Success
0:147  0:001   - driver needs connecting
0:147  0:000  Loading NvmExpressDxe-64.efi  status=Success
0:148  0:000   - driver needs connecting
0:148  0:000  Loading PartitionDxe-64.efi  status=Success
0:150  0:001   - driver needs connecting
0:150  0:000  Loading SMCHelper-64.efi  status=Success
0:151  0:000  Loading UsbKbDxe-64.efi  status=Success
0:151  0:000   - driver needs connecting
0:151  0:000  Loading UsbMouseDxe-64.efi  status=Success
0:152  0:000   - driver needs connecting
0:152  0:000  Loading XhciDxe-64.efi  status=Success
0:156  0:003   - driver needs connecting
0:156  0:000  7 drivers needs connecting ...
0:156  0:000  PlatformDriverOverrideProtocol not found. Installing ... Success
0:156  0:000  Partition driver loaded: 
0:156  0:000  HFS+ driver loaded
0:156  0:000  APFS driver loaded
0:156  0:000  Searching for invalid DiskIo BY_DRIVER connects: not found, all ok
2:251  2:095  === [ InitScreen ] ========================================
2:251  0:000  SetMaxResolution: found best mode 0: 1920x1080
2:251  0:000   - already set
2:251  0:000  Console modes reported: 6, available modes:
2:251  0:000   - [01]: 80x25
2:251  0:000   - [02]: 80x50
2:251  0:000   - [03]: 240x56 (current mode)
2:251  0:000   - [04]: 100x31
2:251  0:000   - [05]: 128x40
2:251  0:000   - [06]: 160x53
2:251  0:000  SetScreenResolution: 1920x1080 - already set
2:251  0:000  reinit: self device path=PciRoot(0x0)\Pci(0x14,0x0)\USB(0xD,0x0)\HD(1,GPT,A622B4E9-D9AF-49DD-92AD-D314B5AF7E6D,0x28,0x64000)
2:251  0:000  === [ GetMacAddress ] =====================================
2:251  0:000  MAC address of LAN #0= A8:1E:84:D1:3E:E0:
2:251  0:000  MAC address of LAN #1= A8:1E:84:D1:3E:E0:
2:251  0:000  MAC address of LAN #2= A8:1E:84:D1:3E:E0:
2:251  0:000  MAC address of LAN #3= A8:1E:84:D1:3E:E0:
2:251  0:000  === [ ScanSPD ] ===========================================
2:253  0:002  SMBus device : 8086 9D23 class=0C0500 status=Success
2:253  0:000  SMBus CmdReg: 0x1
2:253  0:000  Scanning SMBus [8086:9D23], mmio: 0xF134B004, ioport: 0xEFA0, hostc: 0x11
2:253  0:000  Slots to scan [8]...
2:254  0:000  SPD[0]: Type 12 @0x50
2:273  0:019  DDR speed 2132MHz
2:273  0:000  Slot: 0 Type 26 8192MB 2132MHz Vendor=Kingston PartNo=9905624-023.A00G SerialNo=010B03060B060E0B
2:274  0:000  SPD[2]: Type 12 @0x52
2:292  0:018  DDR speed 2400MHz
2:292  0:000  Slot: 2 Type 26 8192MB 2400MHz Vendor=Ramaxel Technology PartNo=RMSA3260MB78HAF2400 SerialNo=01020E0E0C040208
2:293  0:000  === [ GetAcpiTablesList ] =================================
2:298  0:005  Get Acpi Tables List from RSDT:
2:298  0:000   - [00]: FACP  TP-R0J   len=244
2:298  0:000   - [01]: UEFI  TP-R0J   len=66
2:298  0:000   - [02]: SSDT  SaSsdt  len=12905
2:298  0:000   - [03]: SSDT  PerfTune len=1462
2:298  0:000   - [04]: HPET  TP-R0J   len=56
2:298  0:000   - [05]: APIC  TP-R0J   len=188
2:298  0:000   - [06]: MCFG  TP-R0J   len=60
2:298  0:000   - [07]: SSDT  Sata0Ide len=444
2:298  0:000   - [08]: SSDT  xh_rvp07 len=2587
2:298  0:000   - [09]: BOOT  TP-R0J   len=40
2:298  0:000   - [10]: BATB  TP-R0J   len=74
2:298  0:000   - [11]: SSDT  CpuSsdt len=3806
2:298  0:000   - [12]: SSDT  CtdpB len=1363
2:298  0:000   - [13]: SSDT  UsbCTabl len=3224
2:298  0:000   - [14]: WSMT  TP-R0J   len=40
2:298  0:000   - [15]: DBGP  TP-R0J   len=52
2:298  0:000   - [16]: DBG2  TP-R0J   len=84
2:298  0:000   - [17]: MSDM  TP-R0J   len=85
2:298  0:000   - [18]: ASF!  TP-R0J   len=160
2:298  0:000   - [19]: FPDT  TP-R0J   len=68
2:298  0:000   - [20]: BGRT  TP-R0J   len=56
2:298  0:000   - [21]: UEFI  TP-R0J   len=298
2:298  0:000  Calibrated TSC Frequency = 2712219810 = 2712MHz
2:298  0:000  === [ GetUserSettings ] ===================================
2:298  0:000  Add 1 devices:
2:298  0:000  USB FixOwnership: yes
2:298  0:000   - final DSDT Fix mask=40000000
2:298  0:000  PatchesDSDT: 38 requested
2:298  0:000   - [00]: (change GFX0 to IGPU) lenToFind: 4, lenToReplace: 4, Target Bridge: <null string>
2:298  0:000   - [01]: (change SAT0 to SATA) lenToFind: 4, lenToReplace: 4, Target Bridge: <null string>
2:298  0:000   - [02]: (_DSM to XDSM) lenToFind: 4, lenToReplace: 4, Target Bridge: <null string>
2:298  0:000   - [03]: (OSID to XSID) lenToFind: 4, lenToReplace: 4, Target Bridge: <null string>
2:298  0:000   - [04]: (_OSI to XOSI) lenToFind: 4, lenToReplace: 4, Target Bridge: <null string>
2:298  0:000   - [05]: (PCI.VID to PCI.IGPU#1) lenToFind: 8, lenToReplace: 8, Target Bridge: <null string>
2:299  0:000   - [06]: (PCI.VID to PCI.IGPU#2) lenToFind: 14, lenToReplace: 14, Target Bridge: <null string>
2:299  0:000   - [07]: (GFX0 to IGPU) lenToFind: 4, lenToReplace: 4, Target Bridge: <null string>
2:299  0:000   - [08]: (LPC to LPCB) lenToFind: 4, lenToReplace: 4, Target Bridge: <null string>
2:299  0:000    patch disabled at config
2:299  0:000   - [09]: (SAT1 to SATA) lenToFind: 4, lenToReplace: 4, Target Bridge: <null string>
2:299  0:000    patch disabled at config
2:299  0:000   - [10]: (EHC1 to EH01) lenToFind: 4, lenToReplace: 4, Target Bridge: <null string>
2:299  0:000   - [11]: (EHC2 to EH02) lenToFind: 4, lenToReplace: 4, Target Bridge: <null string>
2:299  0:000   - [12]: (XHCI to XHC) lenToFind: 4, lenToReplace: 4, Target Bridge: <null string>
2:299  0:000   - [13]: (B0D3 to HDAU) lenToFind: 4, lenToReplace: 4, Target Bridge: <null string>
2:299  0:000   - [14]: (HDAS to HDEF) lenToFind: 4, lenToReplace: 4, Target Bridge: <null string>
2:299  0:000   - [15]: (IGBE to GLAN) lenToFind: 4, lenToReplace: 4, Target Bridge: <null string>
2:299  0:000   - [16]: (KBD to PS2K) lenToFind: 4, lenToReplace: 4, Target Bridge: <null string>
2:299  0:000   - [17]: (KBC0 to PS2K) lenToFind: 4, lenToReplace: 4, Target Bridge: <null string>
2:299  0:000   - [18]: (MOU to PS2M) lenToFind: 4, lenToReplace: 4, Target Bridge: <null string>
2:299  0:000   - [19]: (ECDV to EC__(dell)) lenToFind: 4, lenToReplace: 4, Target Bridge: <null string>
2:299  0:000   - [20]: (EC0 to EC__) lenToFind: 4, lenToReplace: 4, Target Bridge: <null string>
2:299  0:000   - [21]: (SMBU to SBUS) lenToFind: 4, lenToReplace: 4, Target Bridge: <null string>
2:299  0:000   - [22]: (LID0 to LID) lenToFind: 4, lenToReplace: 4, Target Bridge: <null string>
2:299  0:000   - [23]: (_PTS to ZPTS(1,N)) lenToFind: 5, lenToReplace: 5, Target Bridge: <null string>
2:299  0:000   - [24]: (_PTS to ZPTS(1,S)) lenToFind: 5, lenToReplace: 5, Target Bridge: <null string>
2:299  0:000   - [25]: (_WAK to ZWAK(1,N)) lenToFind: 5, lenToReplace: 5, Target Bridge: <null string>
2:299  0:000   - [26]: (_WAK to ZWAK(1,S)) lenToFind: 5, lenToReplace: 5, Target Bridge: <null string>
2:299  0:000   - [27]: (XSEL to XSEZ(0,N)) lenToFind: 5, lenToReplace: 5, Target Bridge: <null string>
2:299  0:000   - [28]: (XSEL to XSEZ(0,S)) lenToFind: 5, lenToReplace: 5, Target Bridge: <null string>
2:299  0:000   - [29]: (ESEL to ESEZ(0,N)) lenToFind: 5, lenToReplace: 5, Target Bridge: <null string>
2:299  0:000   - [30]: (ESEL to ESEZ(0,S)) lenToFind: 5, lenToReplace: 5, Target Bridge: <null string>
2:299  0:000   - [31]: (XWAK to XWAZ(0,N)) lenToFind: 5, lenToReplace: 5, Target Bridge: <null string>
2:299  0:000   - [32]: (XWAK to XWAZ(0,S)) lenToFind: 5, lenToReplace: 5, Target Bridge: <null string>
2:299  0:000   - [33]: (I2C-GPI0:_STA to XSTA) lenToFind: 4, lenToReplace: 4, Target Bridge: GPI0
2:299  0:000   - [34]: (PS2M:_STA to XSTA) lenToFind: 4, lenToReplace: 4, Target Bridge: PS2M
2:299  0:000   - [35]: (PS2M:_CID to XCID) lenToFind: 4, lenToReplace: 4, Target Bridge: PS2M:_CIptal XCI0
2:299  0:000   - [36]: (_Q14 to XQ14(TP-up)) lenToFind: 4, lenToReplace: 4, Target Bridge: <null string>
2:299  0:000    patch disabled at config
2:299  0:000   - [37]: (_Q15 to XQ15(TP-down)) lenToFind: 4, lenToReplace: 4, Target Bridge: <null string>
2:299  0:000    patch disabled at config
2:299  0:000  Using ProductName from config: MacBookPro14,1
2:299  0:000  Found same BiosVersion in clover and config
2:299  0:000  BiosVersion: MBP141.88Z.0178.B00.1806260902
2:299  0:000  BiosReleaseDate: 06/26/2018
2:299  0:000  Using FirmwareFeatures from config: 0xFC0FE137
2:299  0:000  Using FirmwareFeaturesMask from config: 0xFF1FFF3F
2:299  0:000  Board-ID set from config as Mac-B4831CEBD52A0C4C
2:299  0:000  BoardType: 0xA
2:299  0:000  ChassisType: 0x9
2:299  0:000  === [ Found DSDT tables ] =================================
3:319  1:020  === [ ScanVolumes ] =======================================
3:319  0:000  Found 13 volumes with blockIO
3:319  0:000  - [00]: Volume: PciRoot(0x0)\Pci(0x1C,0x4)\Pci(0x0,0x0)\NVMe(0x1,CD-0D-2B-00-02-0D-08-00)
3:319  0:000  - [01]: Volume: PciRoot(0x0)\Pci(0x1C,0x4)\Pci(0x0,0x0)\NVMe(0x1,CD-0D-2B-00-02-0D-08-00)\HD(1,GPT,CCB5A0F5-CFA1-4707-B355-CB4AD91FA5BA,0x800,0x82000)
3:319  0:000          Result of bootcode detection: bootable unknown (legacy)
3:320  0:001  - [02]: Volume: PciRoot(0x0)\Pci(0x1C,0x4)\Pci(0x0,0x0)\NVMe(0x1,CD-0D-2B-00-02-0D-08-00)\HD(2,GPT,199AB736-EC52-4326-A523-BC15DF93E9CF,0x82800,0x8000)
3:321  0:000  - [03]: Volume: PciRoot(0x0)\Pci(0x1C,0x4)\Pci(0x0,0x0)\NVMe(0x1,CD-0D-2B-00-02-0D-08-00)\HD(3,GPT,0714DDB9-0064-4C31-BFAB-29D7247628E1,0x8A800,0x25800000)
3:321  0:000          Result of bootcode detection: bootable Windows (vista,win)
3:321  0:000  - [04]: Volume: PciRoot(0x0)\Pci(0x1C,0x4)\Pci(0x0,0x0)\NVMe(0x1,CD-0D-2B-00-02-0D-08-00)\HD(4,GPT,18D82775-E721-4719-8FE2-01D34A87EEF5,0x2588A800,0xFA000)
3:321  0:000          Result of bootcode detection: bootable Windows (vista,win)
3:321  0:000  - [05]: Volume: PciRoot(0x0)\Pci(0x1C,0x4)\Pci(0x0,0x0)\NVMe(0x1,CD-0D-2B-00-02-0D-08-00)\HD(5,GPT,70CAD8B4-9474-47A9-9859-BA821C76ABE3,0x25984800,0x1605CA88)
3:321  0:000          Result of bootcode detection: bootable unknown (legacy)
3:321  0:000  - [06]: Volume: PciRoot(0x0)\Pci(0x14,0x0)\USB(0xD,0x0)
3:322  0:000          USB volume
3:322  0:000  - [07]: Volume: PciRoot(0x0)\Pci(0x14,0x0)\USB(0xD,0x0)\HD(1,GPT,A622B4E9-D9AF-49DD-92AD-D314B5AF7E6D,0x28,0x64000)
3:323  0:000          Result of bootcode detection: bootable unknown (legacy)
3:323  0:000          USB volume
3:324  0:001          This is SelfVolume !!
3:324  0:000  - [08]: Volume: PciRoot(0x0)\Pci(0x14,0x0)\USB(0xD,0x0)\HD(2,GPT,3BEE27B1-2DBC-4DF0-9715-F075925A4C04,0x64028,0xC65DA0)
3:325  0:000          USB volume
3:325  0:000  - [09]: Volume: PciRoot(0x0)\Pci(0x1C,0x4)\Pci(0x0,0x0)\NVMe(0x1,CD-0D-2B-00-02-0D-08-00)\HD(5,GPT,70CAD8B4-9474-47A9-9859-BA821C76ABE3,0x25984800,0x1605CA88)\VenMedia(BE74FCF7-0B7C-49F3-9147-01F4042E6842,D79812D6055E9A48A32DF88725738B9B)
3:325  0:000  - [10]: Volume: PciRoot(0x0)\Pci(0x1C,0x4)\Pci(0x0,0x0)\NVMe(0x1,CD-0D-2B-00-02-0D-08-00)\HD(5,GPT,70CAD8B4-9474-47A9-9859-BA821C76ABE3,0x25984800,0x1605CA88)\VenMedia(BE74FCF7-0B7C-49F3-9147-01F4042E6842,1699F8E1130CBC479208A582381C05FE)
3:326  0:000  - [11]: Volume: PciRoot(0x0)\Pci(0x1C,0x4)\Pci(0x0,0x0)\NVMe(0x1,CD-0D-2B-00-02-0D-08-00)\HD(5,GPT,70CAD8B4-9474-47A9-9859-BA821C76ABE3,0x25984800,0x1605CA88)\VenMedia(BE74FCF7-0B7C-49F3-9147-01F4042E6842,4DBFC99FDB042A4191FAF16312EFD837)
3:326  0:000  - [12]: Volume: PciRoot(0x0)\Pci(0x1C,0x4)\Pci(0x0,0x0)\NVMe(0x1,CD-0D-2B-00-02-0D-08-00)\HD(5,GPT,70CAD8B4-9474-47A9-9859-BA821C76ABE3,0x25984800,0x1605CA88)\VenMedia(BE74FCF7-0B7C-49F3-9147-01F4042E6842,96F5E4944A57AE478F06D64DDE680165)
3:326  0:000  === [ InitTheme ] =========================================
3:336  0:009  Using theme 'BTC' (EFI\CLOVER\themes\BTC)
3:339  0:002  Loading font from ThemeDir: Success
3:339  0:000  Chosen theme BTC
3:339  0:000  found boot-args in NVRAM:, size=1
3:339  0:000  after NVRAM boot-args=-v dart=0 -xcpm kext-dev-mode=1 keepsyms=1
3:340  0:000  === [ Dump SMC keys from NVRAM ] ==========================
3:340  0:000  found AppleSMC protocol
3:425  0:085  Registered 18 SMC keys
3:426  0:001  === [ ScanLoader ] ========================================
3:426  0:000  - [01]: 'EFI'
3:455  0:028          AddLoaderEntry for Volume Name=EFI
3:465  0:009          AddLoaderEntry for Volume Name=EFI
3:465  0:000          skipped because entry is hidden
3:465  0:000  - [07]: 'EFI'
3:466  0:001          AddLoaderEntry for Volume Name=EFI
3:466  0:000          skipped because entry is hidden
3:466  0:000  - [08]: 'Install macOS Mojave'
3:467  0:001          AddLoaderEntry for Volume Name=Install macOS Mojave
3:478  0:010  - [09]: 'Preboot'
3:487  0:009          AddLoaderEntry for Volume Name=Preboot
3:498  0:010      Check if volume Is Hibernated:
3:498  0:000      Check sleep image 'by signature':
3:499  0:000      using default sleep image name = \private\var\vm\sleepimage
3:499  0:000      sleepimage not found -> Not Found
3:499  0:000      hibernated: no - sign
3:501  0:001          [!] Icon 18 (icons\vol_internal_apfs.icns) not found (path: EFI\CLOVER\themes\BTC)
3:509  0:008          AddLoaderEntry for Volume Name=Preboot
3:528  0:019  - [10]: 'zMojave'
3:617  0:088          AddLoaderEntry for Volume Name=zMojave
3:638  0:021      Check if volume Is Hibernated:
3:638  0:000      Check sleep image 'by signature':
3:666  0:027      read prefs \Library\Preferences\com.apple.PowerManagement.plist status=Success
3:666  0:000      using default sleep image name = \private\var\vm\sleepimage
3:677  0:011      sleepimage not found -> Not Found
3:677  0:000      hibernated: no - sign
3:688  0:011  - [11]: 'Recovery'
3:696  0:007          AddLoaderEntry for Volume Name=Recovery
3:710  0:014  - [12]: 'VM'
3:710  0:000  === [ AddCustomTool ] =====================================
3:711  0:000  === [ GetEfiBootDeviceFromNvram ] =========================
3:711  0:000   - found entry 4. 'Boot macOS from zMojave', Volume 'zMojave', DevicePath 'PciRoot(0x0)\Pci(0x1C,0x4)\Pci(0x0,0x0)\NVMe(0x1,CD-0D-2B-00-02-0D-08-00)\HD(5,GPT,70CAD8B4-9474-47A9-9859-BA821C76ABE3,0x25984800,0x1605CA88)\VenMedia(BE74FCF7-0B7C-49F3-9147-01F4042E6842,1699F8E1130CBC479208A582381C05FE)\System\Library\CoreServices\boot.efii'
3:711  0:000  DefaultIndex=4 and MainMenu.EntryCount=10
3:802  0:090  GUI ready
17:164  13:361  Boot option Boot0000 not found
17:164  0:000  === [ StartLoader ] =======================================
17:164  0:000  Finally: ExternalClock=26MHz BusSpeed=100453kHz CPUFreq=2712MHz PIS: hw.busfrequency=104000000Hz
17:164  0:000  Loading boot.efi  status=Success
17:308  0:144  GetOSVersion: 10.14 (18A391)
17:308  0:000  Filtering KextPatches:
17:308  0:000   - [00]: com.apple.iokit.IOAHCIBlockStorage (Enable TRIM for SSD) :: BinPatch :: [OS: 10.14 | MatchOS: All | MatchBuild: All] ==> allowed
17:308  0:000   - [01]: com.apple.driver.AppleIntelLpssI2C (Prevent Apple I2C kexts from attaching to I2C controllers, credit CoolStar) :: PlistPatch :: [OS: 10.14 | MatchOS: All | MatchBuild: All] ==> disabled by user
17:308  0:000   - [02]: com.apple.driver.AppleIntelLpssI2CController (Prevent Apple I2C kexts from attaching to I2C controllers, credit CoolStar) :: PlistPatch :: [OS: 10.14 | MatchOS: All | MatchBuild: All] ==> disabled by user
17:308  0:000   - [03]: BroadcomBluetoothHostControllerUSBTransport (bluetooth) :: BinPatch :: [OS: 10.14 | MatchOS: All | MatchBuild: All] ==> disabled by user
17:308  0:000  Filtering KernelPatches:
17:308  0:000   - [00]: MSR 0xE2 _xcpm_idle instant reboot(c) Pike R. Alpha :: [OS: 10.14 | MatchOS: All | MatchBuild: no] ==> allowed by OS
17:308  0:000   - [01]: Disable panic kext logging on 10.14 Release kernel (c) vit9696 :: [OS: 10.14 | MatchOS: 10.14.x | MatchBuild: no] ==> allowed by OS
17:308  0:000  Will not patch boot.efi
17:308  0:000  === [ PatchSmbios ] =======================================
17:309  0:000  insert table 9 for dev 1F:6
17:309  0:000  insert table 9 for dev 0:0
17:309  0:000  Trusting SMBIOS...
17:309  0:000  Detected alternating SMBIOS channel banks
17:309  0:000  Channels: 2
17:309  0:000  Interleave: 0 2 1 3 4 6 5 7 8 10 9 11 12 14 13 15 16 18 17 19 20 22 21 23
17:309  0:000   partNum=9905624-023.A00G    
17:309  0:000  SMBIOS Type 17 Index = 0 => 0 0:
17:309  0:000  BANK 0 DIMM0 2133MHz 8192MB
17:309  0:000   partNum=RMSA3260MB78HAF2400 
17:309  0:000  SMBIOS Type 17 Index = 1 => 1 2:
17:309  0:000  BANK 1 DIMM0 2400MHz 8192MB
17:309  0:000  mTotalSystemMemory = 16384
17:309  0:000  NumberOfMemoryDevices = 2
17:309  0:000  Table 131 is present, CPUType=10
17:309  0:000  Change to: 605
17:309  0:000  Table 133 is present, PlatformFeature=4F484B01
17:309  0:000  Change to: 1A
17:309  0:000  === [ PatchACPI ] =========================================
17:309  0:000  Xsdt reallocation done
17:309  0:000  old FADT length=F4
17:309  0:000   SignatureFixup: 0x2291 -> 0x0
17:314  0:005  Apply DsdtFixMask=0x40000000
17:314  0:000     drop _DSM mask=0xFFFF
17:314  0:000  === [ FixBiosDsdt ] =======================================
17:314  0:000  VideoCard devID=0x59168086
17:314  0:000  DisplayADR1[0] = 0x20000, DisplayADR2[0] = 0xFFFE
17:314  0:000  USBADR[0] = 0x140000 and PCIe = 0xFFFE
17:315  0:000  Found Airport Atheros at 0x1C0003, 0x0, DeviceID=0x0042
17:315  0:000  Audio HDA (addr:0x1F0003) setting specified layout-id=29 (0x1D)
17:315  0:000  Patching DSDT:
17:315  0:000   - [change GFX0 to IGPU]: pattern 47465830, patched at: [ (51) (E) (12) (12) (12) (5E) (12) (12) (12) (246) (1CF) (15C) (12) (50) (2A4B) (CA32) (43) (78) (3211) (33E2) (16) (1349) (34) (9D) (1D) (1A6D) (27) (1821) (18C9) (14) ]
17:315  0:000   - [change SAT0 to SATA]: pattern 53415430, patched at: [ (2BA) (D) (D) (16) (AB6F) (30) ]
17:315  0:000   - [_DSM to XDSM]: pattern 5F44534D, patched at: [ (3196) (12E5) (6B) (29) (727) (10D) (6) (726) (503) (11) (53) (22) (22) (33) (14) (112) (379) (379) (379) (379) (379) (379) (379) (379) (379) (379) (379) (379) (379) (379) (379) (379) (379) (379) (379) (379) (379) (379) (379) (28B) (253E) (D3) (D3) (D3) (D3) (D3) (BE) (BE) (CC) (104) (104) (221) (16) (53) (32) (EB2) (14A) (9B) (34) (DAC3) (C70) (257) (256) (256) (26C) (269) (26A) (26A) (52A) (950) (953) (953) (6E7) (1F0) (14D) ]
17:316  0:000   - [OSID to XSID]: pattern 4F534944, bin not found / already patched!
17:316  0:000   - [_OSI to XOSI]: pattern 5F4F5349, patched at: [ (18204) (3) (11) (18) (1C) (1C) (1A) (18) (18) (18) (18) (24B8) ]
17:316  0:000   - [PCI.VID to PCI.IGPU#1]: pattern 50434930, bin not found / already patched!
17:316  0:000   - [PCI.VID to PCI.IGPU#2]: pattern 5649445F, bin not found / already patched!
17:316  0:000   - [GFX0 to IGPU]: pattern 47465830, bin not found / already patched!
17:316  0:000   - [LPC to LPCB]: disabled
17:316  0:000   - [SAT1 to SATA]: disabled
17:316  0:000   - [EHC1 to EH01]: pattern 45484331, bin not found / already patched!
17:317  0:000   - [EHC2 to EH02]: pattern 45484332, bin not found / already patched!
17:317  0:000   - [XHCI to XHC]: pattern 58484349, patched at: [ (571C) ]
17:317  0:000   - [B0D3 to HDAU]: pattern 42304433, bin not found / already patched!
17:317  0:000   - [HDAS to HDEF]: pattern 48444153, patched at: [ (281) (12) (12) (3F80) (15A9) (84) (D) (2B) (32) (4F) (6F) (C3) ]
17:317  0:000   - [IGBE to GLAN]: pattern 49474245, bin not found / already patched!
17:317  0:000   - [KBD to PS2K]: pattern 4B42445F, bin not found / already patched!
17:317  0:000   - [KBC0 to PS2K]: pattern 4B424330, bin not found / already patched!
17:318  0:000   - [MOU to PS2M]: pattern 4D4F555F, bin not found / already patched!
17:318  0:000   - [ECDV to EC__(dell)]: pattern 45434456, bin not found / already patched!
17:318  0:000   - [EC0 to EC__]: pattern 4543305F, bin not found / already patched!
17:318  0:000   - [SMBU to SBUS]: pattern 534D4255, bin not found / already patched!
17:318  0:000   - [LID0 to LID]: pattern 4C494430, bin not found / already patched!
17:318  0:000   - [_PTS to ZPTS(1,N)]: pattern 5F505453, patched at: [ (173CA) ]
17:319  0:000   - [_PTS to ZPTS(1,S)]: pattern 5F505453, bin not found / already patched!
17:319  0:000   - [_WAK to ZWAK(1,N)]: pattern 5F57414B, bin not found / already patched!
17:319  0:000   - [_WAK to ZWAK(1,S)]: pattern 5F57414B, patched at: [ (1751C) ]
17:319  0:000   - [XSEL to XSEZ(0,N)]: pattern 5853454C, bin not found / already patched!
17:319  0:000   - [XSEL to XSEZ(0,S)]: pattern 5853454C, bin not found / already patched!
17:319  0:000   - [ESEL to ESEZ(0,N)]: pattern 4553454C, bin not found / already patched!
17:319  0:000   - [ESEL to ESEZ(0,S)]: pattern 4553454C, bin not found / already patched!
17:320  0:000   - [XWAK to XWAZ(0,N)]: pattern 5857414B, bin not found / already patched!
17:320  0:000   - [XWAK to XWAZ(0,S)]: pattern 5857414B, bin not found / already patched!
17:320  0:000   - [I2C-GPI0:_STA to XSTA]: pattern 5F535441,Start ByBridge Rename Fix
17:321  0:000   patched at: [ (100) ]
17:321  0:000   - [PS2M:_STA to XSTA]: pattern 5F535441,Start ByBridge Rename Fix
17:321  0:000   patched at: [ (1F) ]
17:321  0:000   - [PS2M:_CID to XCID]: pattern 5F434944,Start ByBridge Rename Fix
17:322  0:000   patched at: [ (14) ]
17:322  0:000   - [_Q14 to XQ14(TP-up)]: disabled
17:322  0:000   - [_Q15 to XQ15(TP-down)]: disabled
17:322  0:000    0 replacements
17:322  0:000  first CPU found at 1A46A offset 1A46D
17:322  0:000  score candidate at 1A466
17:322  0:000  score inserted in acpi_cpu_score _PR_
17:322  0:000  Found ACPI CPU: CPU0 | CPU1 | CPU2 | CPU3 | CPU4 | CPU5 | CPU6 | CPU7 , within the score: _PR_
17:323  0:000  Start Mutex Fix
17:323  0:000  Fixing Mutex(XDHK, 7)
17:323  0:000  Fixing Mutex(BFWM, 7)
17:323  0:000  Fixing Mutex(MSMI, 7)
17:323  0:000  PreCleanup XSDT: count=22, length=212
17:323  0:000  PreCleanup XSDT, corrected XSDT: count=22, length=212
17:323  0:000  === [ ACPIDropTables ] ====================================
17:323  0:000  0. [change GFX0 to IGPU]: pattern 47465830, patched at: [ (2D) (20) (AB) (25A) (1CD6) (AE9) (1D) (6E2) ]
17:323  0:000  1. [change SAT0 to SATA]: pattern 53415430, bin not found / already patched!
17:323  0:000  2. [_DSM to XDSM]: pattern 5F44534D, patched at: [ (2D57) ]
17:323  0:000  3. [OSID to XSID]: pattern 4F534944, bin not found / already patched!
17:323  0:000  4. [_OSI to XOSI]: pattern 5F4F5349, bin not found / already patched!
17:323  0:000  5. [PCI.VID to PCI.IGPU#1]: pattern 50434930, bin not found / already patched!
17:323  0:000  6. [PCI.VID to PCI.IGPU#2]: pattern 5649445F, bin not found / already patched!
17:323  0:000  7. [GFX0 to IGPU]: pattern 47465830, bin not found / already patched!
17:323  0:000  8. [LPC to LPCB]: disabled
17:323  0:000  9. [SAT1 to SATA]: disabled
17:323  0:000  10. [EHC1 to EH01]: pattern 45484331, bin not found / already patched!
17:323  0:000  11. [EHC2 to EH02]: pattern 45484332, bin not found / already patched!
17:323  0:000  12. [XHCI to XHC]: pattern 58484349, bin not found / already patched!
17:323  0:000  13. [B0D3 to HDAU]: pattern 42304433, patched at: [ (3F) ]
17:323  0:000  14. [HDAS to HDEF]: pattern 48444153, bin not found / already patched!
17:323  0:000  15. [IGBE to GLAN]: pattern 49474245, bin not found / already patched!
17:323  0:000  16. [KBD to PS2K]: pattern 4B42445F, bin not found / already patched!
17:323  0:000  17. [KBC0 to PS2K]: pattern 4B424330, bin not found / already patched!
17:323  0:000  18. [MOU to PS2M]: pattern 4D4F555F, bin not found / already patched!
17:323  0:000  19. [ECDV to EC__(dell)]: pattern 45434456, bin not found / already patched!
17:323  0:000  20. [EC0 to EC__]: pattern 4543305F, bin not found / already patched!
17:323  0:000  21. [SMBU to SBUS]: pattern 534D4255, bin not found / already patched!
17:323  0:000  22. [LID0 to LID]: pattern 4C494430, bin not found / already patched!
17:324  0:000  23. [_PTS to ZPTS(1,N)]: pattern 5F505453, bin not found / already patched!
17:324  0:000  24. [_PTS to ZPTS(1,S)]: pattern 5F505453, bin not found / already patched!
17:324  0:000  25. [_WAK to ZWAK(1,N)]: pattern 5F57414B, bin not found / already patched!
17:324  0:000  26. [_WAK to ZWAK(1,S)]: pattern 5F57414B, bin not found / already patched!
17:324  0:000  27. [XSEL to XSEZ(0,N)]: pattern 5853454C, bin not found / already patched!
17:324  0:000  28. [XSEL to XSEZ(0,S)]: pattern 5853454C, bin not found / already patched!
17:324  0:000  29. [ESEL to ESEZ(0,N)]: pattern 4553454C, bin not found / already patched!
17:324  0:000  30. [ESEL to ESEZ(0,S)]: pattern 4553454C, bin not found / already patched!
17:324  0:000  31. [XWAK to XWAZ(0,N)]: pattern 5857414B, bin not found / already patched!
17:324  0:000  32. [XWAK to XWAZ(0,S)]: pattern 5857414B, bin not found / already patched!
17:324  0:000  33. [I2C-GPI0:_STA to XSTA]: pattern 5F535441, patched at: [ (320A) (33) ]
17:324  0:000  34. [PS2M:_STA to XSTA]: pattern 5F535441, bin not found / already patched!
17:324  0:000  35. [PS2M:_CID to XCID]: pattern 5F434944, patched at: [ (31FF) ]
17:324  0:000  36. [_Q14 to XQ14(TP-up)]: disabled
17:324  0:000  37. [_Q15 to XQ15(TP-down)]: disabled
17:324  0:000    0 replacements
17:324  0:000  Found OperationRegion(SANV, SystemMemory, DB49CD18, ...)
17:324  0:000  0. [change GFX0 to IGPU]: pattern 47465830, bin not found / already patched!
17:324  0:000  1. [change SAT0 to SATA]: pattern 53415430, bin not found / already patched!
17:324  0:000  2. [_DSM to XDSM]: pattern 5F44534D, bin not found / already patched!
17:324  0:000  3. [OSID to XSID]: pattern 4F534944, bin not found / already patched!
17:324  0:000  4. [_OSI to XOSI]: pattern 5F4F5349, bin not found / already patched!
17:324  0:000  5. [PCI.VID to PCI.IGPU#1]: pattern 50434930, bin not found / already patched!
17:324  0:000  6. [PCI.VID to PCI.IGPU#2]: pattern 5649445F, bin not found / already patched!
17:324  0:000  7. [GFX0 to IGPU]: pattern 47465830, bin not found / already patched!
17:324  0:000  8. [LPC to LPCB]: disabled
17:324  0:000  9. [SAT1 to SATA]: disabled
17:324  0:000  10. [EHC1 to EH01]: pattern 45484331, bin not found / already patched!
17:324  0:000  11. [EHC2 to EH02]: pattern 45484332, bin not found / already patched!
17:324  0:000  12. [XHCI to XHC]: pattern 58484349, bin not found / already patched!
17:324  0:000  13. [B0D3 to HDAU]: pattern 42304433, bin not found / already patched!
17:324  0:000  14. [HDAS to HDEF]: pattern 48444153, bin not found / already patched!
17:324  0:000  15. [IGBE to GLAN]: pattern 49474245, bin not found / already patched!
17:324  0:000  16. [KBD to PS2K]: pattern 4B42445F, bin not found / already patched!
17:324  0:000  17. [KBC0 to PS2K]: pattern 4B424330, bin not found / already patched!
17:324  0:000  18. [MOU to PS2M]: pattern 4D4F555F, bin not found / already patched!
17:324  0:000  19. [ECDV to EC__(dell)]: pattern 45434456, bin not found / already patched!
17:324  0:000  20. [EC0 to EC__]: pattern 4543305F, bin not found / already patched!
17:324  0:000  21. [SMBU to SBUS]: pattern 534D4255, bin not found / already patched!
17:324  0:000  22. [LID0 to LID]: pattern 4C494430, bin not found / already patched!
17:324  0:000  23. [_PTS to ZPTS(1,N)]: pattern 5F505453, bin not found / already patched!
17:324  0:000  24. [_PTS to ZPTS(1,S)]: pattern 5F505453, bin not found / already patched!
17:324  0:000  25. [_WAK to ZWAK(1,N)]: pattern 5F57414B, bin not found / already patched!
17:324  0:000  26. [_WAK to ZWAK(1,S)]: pattern 5F57414B, bin not found / already patched!
17:324  0:000  27. [XSEL to XSEZ(0,N)]: pattern 5853454C, bin not found / already patched!
17:324  0:000  28. [XSEL to XSEZ(0,S)]: pattern 5853454C, bin not found / already patched!
17:324  0:000  29. [ESEL to ESEZ(0,N)]: pattern 4553454C, bin not found / already patched!
17:324  0:000  30. [ESEL to ESEZ(0,S)]: pattern 4553454C, bin not found / already patched!
17:324  0:000  31. [XWAK to XWAZ(0,N)]: pattern 5857414B, bin not found / already patched!
17:324  0:000  32. [XWAK to XWAZ(0,S)]: pattern 5857414B, bin not found / already patched!
17:324  0:000  33. [I2C-GPI0:_STA to XSTA]: pattern 5F535441, bin not found / already patched!
17:324  0:000  34. [PS2M:_STA to XSTA]: pattern 5F535441, bin not found / already patched!
17:324  0:000  35. [PS2M:_CID to XCID]: pattern 5F434944, patched at: [ (E4) ]
17:324  0:000  36. [_Q14 to XQ14(TP-up)]: disabled
17:324  0:000  37. [_Q15 to XQ15(TP-down)]: disabled
17:324  0:000    0 replacements
17:324  0:000  0. [change GFX0 to IGPU]: pattern 47465830, bin not found / already patched!
17:324  0:000  1. [change SAT0 to SATA]: pattern 53415430, patched at: [ (2C) (10) ]
17:324  0:000  2. [_DSM to XDSM]: pattern 5F44534D, bin not found / already patched!
17:324  0:000  3. [OSID to XSID]: pattern 4F534944, bin not found / already patched!
17:324  0:000  4. [_OSI to XOSI]: pattern 5F4F5349, bin not found / already patched!
17:324  0:000  5. [PCI.VID to PCI.IGPU#1]: pattern 50434930, bin not found / already patched!
17:324  0:000  6. [PCI.VID to PCI.IGPU#2]: pattern 5649445F, bin not found / already patched!
17:324  0:000  7. [GFX0 to IGPU]: pattern 47465830, bin not found / already patched!
17:324  0:000  8. [LPC to LPCB]: disabled
17:324  0:000  9. [SAT1 to SATA]: disabled
17:324  0:000  10. [EHC1 to EH01]: pattern 45484331, bin not found / already patched!
17:324  0:000  11. [EHC2 to EH02]: pattern 45484332, bin not found / already patched!
17:324  0:000  12. [XHCI to XHC]: pattern 58484349, bin not found / already patched!
17:324  0:000  13. [B0D3 to HDAU]: pattern 42304433, bin not found / already patched!
17:324  0:000  14. [HDAS to HDEF]: pattern 48444153, bin not found / already patched!
17:324  0:000  15. [IGBE to GLAN]: pattern 49474245, bin not found / already patched!
17:324  0:000  16. [KBD to PS2K]: pattern 4B42445F, bin not found / already patched!
17:324  0:000  17. [KBC0 to PS2K]: pattern 4B424330, bin not found / already patched!
17:324  0:000  18. [MOU to PS2M]: pattern 4D4F555F, bin not found / already patched!
17:324  0:000  19. [ECDV to EC__(dell)]: pattern 45434456, bin not found / already patched!
17:324  0:000  20. [EC0 to EC__]: pattern 4543305F, bin not found / already patched!
17:324  0:000  21. [SMBU to SBUS]: pattern 534D4255, bin not found / already patched!
17:324  0:000  22. [LID0 to LID]: pattern 4C494430, bin not found / already patched!
17:324  0:000  23. [_PTS to ZPTS(1,N)]: pattern 5F505453, bin not found / already patched!
17:324  0:000  24. [_PTS to ZPTS(1,S)]: pattern 5F505453, bin not found / already patched!
17:324  0:000  25. [_WAK to ZWAK(1,N)]: pattern 5F57414B, bin not found / already patched!
17:325  0:000  26. [_WAK to ZWAK(1,S)]: pattern 5F57414B, bin not found / already patched!
17:325  0:000  27. [XSEL to XSEZ(0,N)]: pattern 5853454C, bin not found / already patched!
17:325  0:000  28. [XSEL to XSEZ(0,S)]: pattern 5853454C, bin not found / already patched!
17:325  0:000  29. [ESEL to ESEZ(0,N)]: pattern 4553454C, bin not found / already patched!
17:325  0:000  30. [ESEL to ESEZ(0,S)]: pattern 4553454C, bin not found / already patched!
17:325  0:000  31. [XWAK to XWAZ(0,N)]: pattern 5857414B, bin not found / already patched!
17:325  0:000  32. [XWAK to XWAZ(0,S)]: pattern 5857414B, bin not found / already patched!
17:325  0:000  33. [I2C-GPI0:_STA to XSTA]: pattern 5F535441, bin not found / already patched!
17:325  0:000  34. [PS2M:_STA to XSTA]: pattern 5F535441, bin not found / already patched!
17:325  0:000  35. [PS2M:_CID to XCID]: pattern 5F434944, bin not found / already patched!
17:325  0:000  36. [_Q14 to XQ14(TP-up)]: disabled
17:325  0:000  37. [_Q15 to XQ15(TP-down)]: disabled
17:325  0:000    0 replacements
17:325  0:000  0. [change GFX0 to IGPU]: pattern 47465830, bin not found / already patched!
17:325  0:000  1. [change SAT0 to SATA]: pattern 53415430, bin not found / already patched!
17:325  0:000  2. [_DSM to XDSM]: pattern 5F44534D, bin not found / already patched!
17:325  0:000  3. [OSID to XSID]: pattern 4F534944, bin not found / already patched!
17:325  0:000  4. [_OSI to XOSI]: pattern 5F4F5349, bin not found / already patched!
17:325  0:000  5. [PCI.VID to PCI.IGPU#1]: pattern 50434930, bin not found / already patched!
17:325  0:000  6. [PCI.VID to PCI.IGPU#2]: pattern 5649445F, bin not found / already patched!
17:325  0:000  7. [GFX0 to IGPU]: pattern 47465830, bin not found / already patched!
17:325  0:000  8. [LPC to LPCB]: disabled
17:325  0:000  9. [SAT1 to SATA]: disabled
17:325  0:000  10. [EHC1 to EH01]: pattern 45484331, bin not found / already patched!
17:325  0:000  11. [EHC2 to EH02]: pattern 45484332, bin not found / already patched!
17:325  0:000  12. [XHCI to XHC]: pattern 58484349, bin not found / already patched!
17:325  0:000  13. [B0D3 to HDAU]: pattern 42304433, bin not found / already patched!
17:325  0:000  14. [HDAS to HDEF]: pattern 48444153, bin not found / already patched!
17:325  0:000  15. [IGBE to GLAN]: pattern 49474245, bin not found / already patched!
17:325  0:000  16. [KBD to PS2K]: pattern 4B42445F, bin not found / already patched!
17:325  0:000  17. [KBC0 to PS2K]: pattern 4B424330, bin not found / already patched!
17:325  0:000  18. [MOU to PS2M]: pattern 4D4F555F, bin not found / already patched!
17:325  0:000  19. [ECDV to EC__(dell)]: pattern 45434456, bin not found / already patched!
17:325  0:000  20. [EC0 to EC__]: pattern 4543305F, bin not found / already patched!
17:325  0:000  21. [SMBU to SBUS]: pattern 534D4255, bin not found / already patched!
17:325  0:000  22. [LID0 to LID]: pattern 4C494430, bin not found / already patched!
17:325  0:000  23. [_PTS to ZPTS(1,N)]: pattern 5F505453, bin not found / already patched!
17:325  0:000  24. [_PTS to ZPTS(1,S)]: pattern 5F505453, bin not found / already patched!
17:325  0:000  25. [_WAK to ZWAK(1,N)]: pattern 5F57414B, bin not found / already patched!
17:325  0:000  26. [_WAK to ZWAK(1,S)]: pattern 5F57414B, bin not found / already patched!
17:325  0:000  27. [XSEL to XSEZ(0,N)]: pattern 5853454C, bin not found / already patched!
17:325  0:000  28. [XSEL to XSEZ(0,S)]: pattern 5853454C, bin not found / already patched!
17:325  0:000  29. [ESEL to ESEZ(0,N)]: pattern 4553454C, bin not found / already patched!
17:325  0:000  30. [ESEL to ESEZ(0,S)]: pattern 4553454C, bin not found / already patched!
17:325  0:000  31. [XWAK to XWAZ(0,N)]: pattern 5857414B, bin not found / already patched!
17:325  0:000  32. [XWAK to XWAZ(0,S)]: pattern 5857414B, bin not found / already patched!
17:325  0:000  33. [I2C-GPI0:_STA to XSTA]: pattern 5F535441, bin not found / already patched!
17:325  0:000  34. [PS2M:_STA to XSTA]: pattern 5F535441, bin not found / already patched!
17:325  0:000  35. [PS2M:_CID to XCID]: pattern 5F434944, bin not found / already patched!
17:325  0:000  36. [_Q14 to XQ14(TP-up)]: disabled
17:325  0:000  37. [_Q15 to XQ15(TP-down)]: disabled
17:325  0:000    0 replacements
17:325  0:000  0. [change GFX0 to IGPU]: pattern 47465830, bin not found / already patched!
17:325  0:000  1. [change SAT0 to SATA]: pattern 53415430, bin not found / already patched!
17:325  0:000  2. [_DSM to XDSM]: pattern 5F44534D, bin not found / already patched!
17:325  0:000  3. [OSID to XSID]: pattern 4F534944, bin not found / already patched!
17:325  0:000  4. [_OSI to XOSI]: pattern 5F4F5349, bin not found / already patched!
17:325  0:000  5. [PCI.VID to PCI.IGPU#1]: pattern 50434930, bin not found / already patched!
17:325  0:000  6. [PCI.VID to PCI.IGPU#2]: pattern 5649445F, bin not found / already patched!
17:325  0:000  7. [GFX0 to IGPU]: pattern 47465830, bin not found / already patched!
17:325  0:000  8. [LPC to LPCB]: disabled
17:325  0:000  9. [SAT1 to SATA]: disabled
17:325  0:000  10. [EHC1 to EH01]: pattern 45484331, bin not found / already patched!
17:325  0:000  11. [EHC2 to EH02]: pattern 45484332, bin not found / already patched!
17:325  0:000  12. [XHCI to XHC]: pattern 58484349, bin not found / already patched!
17:325  0:000  13. [B0D3 to HDAU]: pattern 42304433, bin not found / already patched!
17:325  0:000  14. [HDAS to HDEF]: pattern 48444153, bin not found / already patched!
17:325  0:000  15. [IGBE to GLAN]: pattern 49474245, bin not found / already patched!
17:325  0:000  16. [KBD to PS2K]: pattern 4B42445F, bin not found / already patched!
17:325  0:000  17. [KBC0 to PS2K]: pattern 4B424330, bin not found / already patched!
17:325  0:000  18. [MOU to PS2M]: pattern 4D4F555F, bin not found / already patched!
17:325  0:000  19. [ECDV to EC__(dell)]: pattern 45434456, bin not found / already patched!
17:325  0:000  20. [EC0 to EC__]: pattern 4543305F, bin not found / already patched!
17:325  0:000  21. [SMBU to SBUS]: pattern 534D4255, bin not found / already patched!
17:325  0:000  22. [LID0 to LID]: pattern 4C494430, bin not found / already patched!
17:325  0:000  23. [_PTS to ZPTS(1,N)]: pattern 5F505453, bin not found / already patched!
17:325  0:000  24. [_PTS to ZPTS(1,S)]: pattern 5F505453, bin not found / already patched!
17:325  0:000  25. [_WAK to ZWAK(1,N)]: pattern 5F57414B, bin not found / already patched!
17:325  0:000  26. [_WAK to ZWAK(1,S)]: pattern 5F57414B, bin not found / already patched!
17:325  0:000  27. [XSEL to XSEZ(0,N)]: pattern 5853454C, bin not found / already patched!
17:325  0:000  28. [XSEL to XSEZ(0,S)]: pattern 5853454C, bin not found / already patched!
17:325  0:000  29. [ESEL to ESEZ(0,N)]: pattern 4553454C, bin not found / already patched!
17:325  0:000  30. [ESEL to ESEZ(0,S)]: pattern 4553454C, bin not found / already patched!
17:325  0:000  31. [XWAK to XWAZ(0,N)]: pattern 5857414B, bin not found / already patched!
17:325  0:000  32. [XWAK to XWAZ(0,S)]: pattern 5857414B, bin not found / already patched!
17:325  0:000  33. [I2C-GPI0:_STA to XSTA]: pattern 5F535441, bin not found / already patched!
17:325  0:000  34. [PS2M:_STA to XSTA]: pattern 5F535441, bin not found / already patched!
17:325  0:000  35. [PS2M:_CID to XCID]: pattern 5F434944, bin not found / already patched!
17:325  0:000  36. [_Q14 to XQ14(TP-up)]: disabled
17:325  0:000  37. [_Q15 to XQ15(TP-down)]: disabled
17:325  0:000    0 replacements
17:325  0:000  Found OperationRegion(PNVS, SystemMemory, CE465000, ...)
17:325  0:000  0. [change GFX0 to IGPU]: pattern 47465830, bin not found / already patched!
17:325  0:000  1. [change SAT0 to SATA]: pattern 53415430, bin not found / already patched!
17:325  0:000  2. [_DSM to XDSM]: pattern 5F44534D, bin not found / already patched!
17:325  0:000  3. [OSID to XSID]: pattern 4F534944, bin not found / already patched!
17:325  0:000  4. [_OSI to XOSI]: pattern 5F4F5349, bin not found / already patched!
17:325  0:000  5. [PCI.VID to PCI.IGPU#1]: pattern 50434930, bin not found / already patched!
17:325  0:000  6. [PCI.VID to PCI.IGPU#2]: pattern 5649445F, bin not found / already patched!
17:325  0:000  7. [GFX0 to IGPU]: pattern 47465830, bin not found / already patched!
17:325  0:000  8. [LPC to LPCB]: disabled
17:325  0:000  9. [SAT1 to SATA]: disabled
17:325  0:000  10. [EHC1 to EH01]: pattern 45484331, bin not found / already patched!
17:325  0:000  11. [EHC2 to EH02]: pattern 45484332, bin not found / already patched!
17:325  0:000  12. [XHCI to XHC]: pattern 58484349, bin not found / already patched!
17:325  0:000  13. [B0D3 to HDAU]: pattern 42304433, bin not found / already patched!
17:325  0:000  14. [HDAS to HDEF]: pattern 48444153, bin not found / already patched!
17:325  0:000  15. [IGBE to GLAN]: pattern 49474245, bin not found / already patched!
17:325  0:000  16. [KBD to PS2K]: pattern 4B42445F, bin not found / already patched!
17:325  0:000  17. [KBC0 to PS2K]: pattern 4B424330, bin not found / already patched!
17:325  0:000  18. [MOU to PS2M]: pattern 4D4F555F, bin not found / already patched!
17:325  0:000  19. [ECDV to EC__(dell)]: pattern 45434456, bin not found / already patched!
17:325  0:000  20. [EC0 to EC__]: pattern 4543305F, bin not found / already patched!
17:325  0:000  21. [SMBU to SBUS]: pattern 534D4255, bin not found / already patched!
17:325  0:000  22. [LID0 to LID]: pattern 4C494430, bin not found / already patched!
17:325  0:000  23. [_PTS to ZPTS(1,N)]: pattern 5F505453, bin not found / already patched!
17:325  0:000  24. [_PTS to ZPTS(1,S)]: pattern 5F505453, bin not found / already patched!
17:325  0:000  25. [_WAK to ZWAK(1,N)]: pattern 5F57414B, bin not found / already patched!
17:325  0:000  26. [_WAK to ZWAK(1,S)]: pattern 5F57414B, bin not found / already patched!
17:325  0:000  27. [XSEL to XSEZ(0,N)]: pattern 5853454C, bin not found / already patched!
17:325  0:000  28. [XSEL to XSEZ(0,S)]: pattern 5853454C, bin not found / already patched!
17:325  0:000  29. [ESEL to ESEZ(0,N)]: pattern 4553454C, bin not found / already patched!
17:325  0:000  30. [ESEL to ESEZ(0,S)]: pattern 4553454C, bin not found / already patched!
17:325  0:000  31. [XWAK to XWAZ(0,N)]: pattern 5857414B, bin not found / already patched!
17:325  0:000  32. [XWAK to XWAZ(0,S)]: pattern 5857414B, bin not found / already patched!
17:325  0:000  33. [I2C-GPI0:_STA to XSTA]: pattern 5F535441, bin not found / already patched!
17:325  0:000  34. [PS2M:_STA to XSTA]: pattern 5F535441, bin not found / already patched!
17:325  0:000  35. [PS2M:_CID to XCID]: pattern 5F434944, bin not found / already patched!
17:325  0:000  36. [_Q14 to XQ14(TP-up)]: disabled
17:325  0:000  37. [_Q15 to XQ15(TP-down)]: disabled
17:325  0:000    0 replacements
17:325  0:000  0. [change GFX0 to IGPU]: pattern 47465830, bin not found / already patched!
17:325  0:000  1. [change SAT0 to SATA]: pattern 53415430, bin not found / already patched!
17:325  0:000  2. [_DSM to XDSM]: pattern 5F44534D, patched at: [ (6AE) ]
17:325  0:000  3. [OSID to XSID]: pattern 4F534944, bin not found / already patched!
17:325  0:000  4. [_OSI to XOSI]: pattern 5F4F5349, bin not found / already patched!
17:325  0:000  5. [PCI.VID to PCI.IGPU#1]: pattern 50434930, bin not found / already patched!
17:325  0:000  6. [PCI.VID to PCI.IGPU#2]: pattern 5649445F, bin not found / already patched!
17:325  0:000  7. [GFX0 to IGPU]: pattern 47465830, bin not found / already patched!
17:325  0:000  8. [LPC to LPCB]: disabled
17:325  0:000  9. [SAT1 to SATA]: disabled
17:325  0:000  10. [EHC1 to EH01]: pattern 45484331, bin not found / already patched!
17:325  0:000  11. [EHC2 to EH02]: pattern 45484332, bin not found / already patched!
17:325  0:000  12. [XHCI to XHC]: pattern 58484349, bin not found / already patched!
17:325  0:000  13. [B0D3 to HDAU]: pattern 42304433, bin not found / already patched!
17:325  0:000  14. [HDAS to HDEF]: pattern 48444153, bin not found / already patched!
17:325  0:000  15. [IGBE to GLAN]: pattern 49474245, bin not found / already patched!
17:325  0:000  16. [KBD to PS2K]: pattern 4B42445F, bin not found / already patched!
17:325  0:000  17. [KBC0 to PS2K]: pattern 4B424330, bin not found / already patched!
17:325  0:000  18. [MOU to PS2M]: pattern 4D4F555F, bin not found / already patched!
17:325  0:000  19. [ECDV to EC__(dell)]: pattern 45434456, bin not found / already patched!
17:325  0:000  20. [EC0 to EC__]: pattern 4543305F, bin not found / already patched!
17:325  0:000  21. [SMBU to SBUS]: pattern 534D4255, bin not found / already patched!
17:325  0:000  22. [LID0 to LID]: pattern 4C494430, bin not found / already patched!
17:325  0:000  23. [_PTS to ZPTS(1,N)]: pattern 5F505453, bin not found / already patched!
17:325  0:000  24. [_PTS to ZPTS(1,S)]: pattern 5F505453, bin not found / already patched!
17:325  0:000  25. [_WAK to ZWAK(1,N)]: pattern 5F57414B, bin not found / already patched!
17:325  0:000  26. [_WAK to ZWAK(1,S)]: pattern 5F57414B, bin not found / already patched!
17:325  0:000  27. [XSEL to XSEZ(0,N)]: pattern 5853454C, bin not found / already patched!
17:325  0:000  28. [XSEL to XSEZ(0,S)]: pattern 5853454C, bin not found / already patched!
17:325  0:000  29. [ESEL to ESEZ(0,N)]: pattern 4553454C, bin not found / already patched!
17:325  0:000  30. [ESEL to ESEZ(0,S)]: pattern 4553454C, bin not found / already patched!
17:325  0:000  31. [XWAK to XWAZ(0,N)]: pattern 5857414B, bin not found / already patched!
17:325  0:000  32. [XWAK to XWAZ(0,S)]: pattern 5857414B, bin not found / already patched!
17:325  0:000  33. [I2C-GPI0:_STA to XSTA]: pattern 5F535441, patched at: [ (593) ]
17:325  0:000  34. [PS2M:_STA to XSTA]: pattern 5F535441, bin not found / already patched!
17:325  0:000  35. [PS2M:_CID to XCID]: pattern 5F434944, patched at: [ (506) ]
17:325  0:000  36. [_Q14 to XQ14(TP-up)]: disabled
17:325  0:000  37. [_Q15 to XQ15(TP-down)]: disabled
17:325  0:000    0 replacements
17:325  0:000  === [ ACPIPatchedAML ] ====================================
17:325  0:000  Unsorted
17:325  0:000  Inserting CLOVERX64.aml from EFI\CLOVER\ACPI\patched: size=558 ... Success
17:325  0:000  Inserting SSDT-RedPoint-TP.aml from EFI\CLOVER\ACPI\patched: size=346 ... Success
17:325  0:000  Inserting SSDT-BrightKeyQ14Q15-TP.aml from EFI\CLOVER\ACPI\patched: size=208 ... Success
17:325  0:000  Inserting SSDT-PS2M-enable.aml from EFI\CLOVER\ACPI\patched: size=102 ... Success
17:325  0:000  Inserting SSDT-I2C-GPI0.aml from EFI\CLOVER\ACPI\patched: size=83 ... Success
17:327  0:001  Inserting SSDT-ALS0.aml from EFI\CLOVER\ACPI\patched: size=101 ... Success
17:329  0:001  Inserting SSDT-PNLF-auto.aml from EFI\CLOVER\ACPI\patched: size=900 ... Success
17:330  0:001  Inserting SSDT-XOSI-win10.aml from EFI\CLOVER\ACPI\patched: size=254 ... Success
17:332  0:001  CPUBase=0 and ApicCPUBase=1 ApicCPUNum=8
17:332  0:000  Maximum control=0x1B
17:332  0:000  Turbo control=0x1F
17:332  0:000  P-States: min 0x4, max 0x1F
17:332  0:000  SSDT with CPU P-States and plugin-type generated successfully
17:332  0:000  SSDT with CPU C-States generated successfully
17:332  0:000  Cleanup XSDT: count=32, length=292
17:332  0:000  corrected XSDT count=32, length=292
17:332  0:000  === [ RestSetup macOS ] ===================================
17:332  0:000  EdidDiscovered size=128
17:332  0:000  --- Discovered EDID Table size:128
17:332  0:000  000  |  00  FF  FF  FF  FF  FF  FF  00  06  AF
17:332  0:000  010  |  2D  44  00  00  00  00  14  1A  01  04
17:332  0:000  020  |  95  1D  11  78  02  C3  15  93  58  59
17:332  0:000  030  |  92  29  22  50  54  00  00  00  01  01
17:332  0:000  040  |  01  01  01  01  01  01  01  01  01  01
17:332  0:000  050  |  01  01  01  01  14  37  80  B8  70  38
17:332  0:000  060  |  24  40  10  10  3E  00  25  A5  10  00
17:332  0:000  070  |  00  18  00  00  00  0F  00  00  00  00
17:332  0:000  080  |  00  00  00  00  00  00  00  00  00  20
17:332  0:000  090  |  00  00  00  FE  00  41  55  4F  0A  20
17:332  0:000  100  |  20  20  20  20  20  20  20  20  00  00
17:332  0:000  110  |  00  FE  00  42  31  33  33  48  41  4E
17:332  0:000  120  |  30  34  2E  34  20  0A  00  0A
17:332  0:000  add device: PciRoot(0x0)/Pci(0x2,0x0)
17:332  0:000     Add key=framebuffer-unifiedmem valuelen=4
17:332  0:000     Add key=framebuffer-stolenmem valuelen=4
17:332  0:000     Add key=framebuffer-patch-enable valuelen=4
17:332  0:000     Add key=framebuffer-mobile valuelen=4
17:332  0:000     Add key=framebuffer-fbmem valuelen=4
17:332  0:000     Add key=disable-external-gpu valuelen=4
17:332  0:000     Add key=AAPL,ig-platform-id valuelen=4
17:332  0:000  Intel GFX injection not set
17:333  0:000   RCBA disabled; cannot use it
17:333  0:000   setting specified layout-id=29 (0x1D)
17:333  0:000  stringlength = 1854
17:333  0:000  CurrentMode: Width=1920 Height=1080
17:333  0:000  Beginning FSInjection
17:333  0:000  Blocking kext caches
FSInjectionInstall ...
- Our FSI_SIMPLE_FILE_SYSTEM_PROTOCOL installed on handle: D316BE18
FSInjectionInstall ...
- Our FSI_SIMPLE_FILE_SYSTEM_PROTOCOL installed on handle: D316BE18
17:340  0:007  Use origin smbios table type 1 guid.
17:347  0:007  Preparing kexts injection for arch=x86_64 from EFI\CLOVER\kexts\Other
17:347  0:000  Extra kext: EFI\CLOVER\kexts\Other\ApplePS2SmartTouchPad.kext (v.4.6.8)
17:389  0:042    |-- PlugIn kext: EFI\CLOVER\kexts\Other\ApplePS2SmartTouchPad.kext\Contents\PlugIns\ApplePS2Controller.kext (v.4.6.8)
17:403  0:013    |-- PlugIn kext: EFI\CLOVER\kexts\Other\ApplePS2SmartTouchPad.kext\Contents\PlugIns\ApplePS2Keyboard.kext (v.4.6.8)
17:418  0:015  Extra kext: EFI\CLOVER\kexts\Other\VoodooI2CELAN.kext (v.1)
17:431  0:012  Extra kext: EFI\CLOVER\kexts\Other\FakeSMC.kext (v.1787)
17:457  0:025  Extra kext: EFI\CLOVER\kexts\Other\VoodooI2C.kext (v.2.1.4)
17:488  0:031    |-- PlugIn kext: EFI\CLOVER\kexts\Other\VoodooI2C.kext\Contents\PlugIns\VoodooI2CServices.kext (v.1)
17:500  0:012    |-- PlugIn kext: EFI\CLOVER\kexts\Other\VoodooI2C.kext\Contents\PlugIns\VoodooGPIO.kext (v.1.1)
17:514  0:014  Extra kext: EFI\CLOVER\kexts\Other\FakeSMC_LPCSensors.kext (v.1787)
17:801  0:287  Extra kext: EFI\CLOVER\kexts\Other\FakeSMC_GPUSensors.kext (v.1787)
17:821  0:019  Extra kext: EFI\CLOVER\kexts\Other\FakeSMC_CPUSensors.kext (v.1787)
17:832  0:011  Extra kext: EFI\CLOVER\kexts\Other\FakeSMC_ACPISensors.kext (v.1787)
17:855  0:022  Extra kext: EFI\CLOVER\kexts\Other\VoodooTSCSync.kext (v.1.1)
17:870  0:014  Extra kext: EFI\CLOVER\kexts\Other\ACPIBatteryManager.kext (v.1.90)
17:887  0:017  Extra kext: EFI\CLOVER\kexts\Other\IntelMausiEthernet.kext (v.2.4.0d0)
17:905  0:017  Extra kext: EFI\CLOVER\kexts\Other\WhateverGreen.kext (v.1.2.2)
17:924  0:018  Extra kext: EFI\CLOVER\kexts\Other\ACPIPoller.kext (v.0.8.1)
17:939  0:014  Extra kext: EFI\CLOVER\kexts\Other\USBInjectAll.kext (v.0.6.7)
18:862  0:922  Extra kext: EFI\CLOVER\kexts\Other\NoTouchID.kext (v.1.0.0)
18:875  0:012  Extra kext: EFI\CLOVER\kexts\Other\Lilu.kext (v.1.2.7)
18:891  0:016  Extra kext: EFI\CLOVER\kexts\Other\BT4LEContiunityFixup.kext (v.1.1.1)
18:906  0:014  Extra kext: EFI\CLOVER\kexts\Other\AppleALC.kext (v.1.3.2)
19:861  0:954  Custom boot screen not used because entry has unset use graphics
19:862  0:000  Closing log
